C51 COMPILER V9.00   DS18B20                                                               01/06/2025 16:42:07 PAGE 1   


C51 COMPILER V9.00, COMPILATION OF MODULE DS18B20
OBJECT MODULE PLACED IN .\Objects\ds18b20.obj
COMPILER INVOKED BY: D:\Keil_v5\C51\BIN\C51.EXE ..\Code\ds18b20.c LARGE OPTIMIZE(8,SPEED) BROWSE DEBUG OBJECTEXTEND PRIN
                    -T(.\Listings\ds18b20.lst) TABS(2) OBJECT(.\Objects\ds18b20.obj)

line level    source

   1          #include <reg52.h>
   2          #include <intrins.h>
   3          #define MAIN_Fosc   11059200UL  //宏定义主时钟HZ
   4          
   5          
   6          unsigned int Envior_Temp[]="21.3";
*** ERROR C247 IN LINE 6 OF ..\CODE\DS18B20.C: non-address/-constant initializer
   7          
   8          
   9          
  10          /*====================================
  11           硬件接口位声明
  12          ====================================*/
  13          sbit DS  = P1^0;   //DS18B20单总线
  14          
  15          /*====================================
  16          函数：void DS18B20_DelayMs(unsigned int ms)
  17          参数：ms，毫秒延时形参
  18          描述：12T 51单片机自适应主时钟毫秒级延时函数
  19          ====================================*/
  20          void DS18B20_DelayMs(unsigned int ms)
  21          {
  22   1           unsigned int i;
  23   1         do{
  24   2              i = MAIN_Fosc / 96000; 
  25   2            while(--i);   //96T per loop
  26   2           }while(--ms);
  27   1      }
  28          /*us延时函数，执行一次US--所需6.5us进入一次函数需要11.95us*/
  29          void DS18B20_DelayUs(unsigned char us)
  30          {
  31   1        while(us--);  
  32   1      }
  33          
  34          
  35          /*单总线初始化时序*/
  36          bit ds_init()
  37          {
  38   1        bit i;
  39   1        DS = 1;
  40   1        _nop_();
  41   1        DS = 0;
  42   1        DS18B20_DelayUs(75); //拉低总线499.45us 挂接在总线上的18B20将会全部被复位
  43   1        DS = 1; //释放总线
  44   1        DS18B20_DelayUs(4); //延时37.95us 等待18B20发回存在信号
  45   1        i = DS;
  46   1        DS18B20_DelayUs(20); //141.95us
  47   1        DS = 1;
  48   1        _nop_();
  49   1        return (i);
  50   1      }
  51          
  52          
  53          /*写一个字节*/
C51 COMPILER V9.00   DS18B20                                                               01/06/2025 16:42:07 PAGE 2   

  54          void write_byte(unsigned char dat)
  55          {
  56   1        unsigned char i;
  57   1        for(i=0;i<8;i++)
  58   1        {
  59   2          DS = 0;
  60   2          _nop_();//产生些时序
  61   2          DS = dat & 0x01;
  62   2          DS18B20_DelayUs(10);//76.95us
  63   2          DS = 1; //释放总线准备下一次数据写入
  64   2          _nop_();
  65   2          dat >>= 1;
  66   2        }
  67   1      }
  68           
  69          
  70          
  71          unsigned char read_byte()
  72          {
  73   1        unsigned char i, j, dat;
  74   1        for(i=0;i<8;i++)
  75   1        {
  76   2          DS = 0;
  77   2          _nop_();//产生读时序
  78   2          DS = 1;
  79   2          _nop_();//释放总线
  80   2          j = DS;
  81   2          DS18B20_DelayUs(10);//76.95us
  82   2          DS = 1;
  83   2          _nop_();
  84   2          dat = (j<<7)|(dat>>1);  
  85   2        }
  86   1        return (dat);
  87   1      }
  88          
  89          
  90          
  91          void DS18B20_StartMeasure()
  92          {
  93   1        unsigned int i;
  94   1        unsigned char L, M;
  95   1        while(1)
  96   1        {
  97   2          ds_init();//初始化DS18B20
  98   2          write_byte(0xcc);//发送跳跃ROM指令
  99   2          write_byte(0x44);//发送温度转换指令
 100   2          ds_init();//初始化DS18B20
 101   2          write_byte(0xcc);//发送跳跃ROM指令
 102   2          write_byte(0xbe);//读取DS18B20暂存器值
 103   2          L = read_byte();
 104   2          M = read_byte();
 105   2          i = M;
 106   2          i <<= 8;
 107   2          i |= L;           
 108   2          i = i * 0.0625 * 10 + 0.5;
 109   2      
 110   2          Envior_Temp[3]=i%10+0x30;
 111   2          Envior_Temp[2]='.';
 112   2          Envior_Temp[1]=i%1000/100+0x30;
 113   2          Envior_Temp[1]=i/1000+0x30;
 114   2          
 115   2        }
C51 COMPILER V9.00   DS18B20                                                               01/06/2025 16:42:07 PAGE 3   

 116   1      }

C51 COMPILATION COMPLETE.  0 WARNING(S),  1 ERROR(S)
