C51 COMPILER V9.00   I2C                                                                   01/08/2025 16:52:06 PAGE 1   


C51 COMPILER V9.00, COMPILATION OF MODULE I2C
OBJECT MODULE PLACED IN .\Objects\I2C.obj
COMPILER INVOKED BY: D:\Keil_v5\C51\BIN\C51.EXE ..\Code\I2C.c LARGE OPTIMIZE(8,SPEED) BROWSE DEBUG OBJECTEXTEND PRINT(.\
                    -Listings\I2C.lst) TABS(2) OBJECT(.\Objects\I2C.obj)

line level    source

   1          
   2          #include "I2C.h"
   3          
   4          /**
   5           * @function: void Delay_5us()
   6           * @description: 5us延时
   7           * @param {void} 
   8           * @return: void
   9           */
  10          void Delay_5us()
  11          {
  12   1          _nop_();
  13   1          _nop_();
  14   1          _nop_();
  15   1          _nop_();
  16   1          _nop_();
  17   1          _nop_();
  18   1          _nop_();
  19   1          _nop_();
  20   1          _nop_();
  21   1      }
  22          
  23          /**
  24           * @function: void I2C_Start()
  25           * @description: I2C开始信号
  26           * @param {void} 
  27           * @return: void
  28           */
  29          void I2C_Start()
  30          {
  31   1          I2C_SDA = 1;
  32   1          I2C_SCL = 1;
  33   1          Delay_5us();
  34   1          I2C_SDA = 0;
  35   1          Delay_5us();
  36   1          I2C_SCL = 0;
  37   1          Delay_5us();
  38   1      }
  39          
  40          /**
  41           * @function: void I2C_Stop()
  42           * @description: I2C结束信号
  43           * @param {void} 
  44           * @return: void
  45           */
  46          void I2C_Stop()
  47          {
  48   1          I2C_SCL = 1;
  49   1          I2C_SDA = 0;
  50   1          Delay_5us();
  51   1          I2C_SDA = 1;
  52   1          Delay_5us();
  53   1      }
  54          
C51 COMPILER V9.00   I2C                                                                   01/08/2025 16:52:06 PAGE 2   

  55          /**
  56           * @function: void I2C_Wait_Ack()
  57           * @description: I2C等待应答响应函数
  58           * @param {void} 
  59           * @return: return 1没有应答、return 0产生应答
  60           */
  61          uint I2C_Wait_Ack()
  62          {
  63   1          uint count = 0;
  64   1          I2C_SCL = 1;
  65   1          Delay_5us();
  66   1          while (I2C_SDA)
  67   1          {
  68   2              count++;
  69   2              if (count > 250)
  70   2              {
  71   3                  I2C_Stop();
  72   3                  return 1;
  73   3              }
  74   2          }
  75   1          I2C_SCL = 0;
  76   1          Delay_5us();
  77   1          return 0;
  78   1      }
  79          
  80          /**
  81           * @function: void I2C_Ack()
  82           * @description: 主机产生应答信号
  83           * @param {void} 
  84           * @return: void
  85           */
  86          #if 0
              void I2C_Ack()
              {
                  I2C_SDA = 0;
                  _nop_();
                  I2C_SCL = 1;
                  _nop_();
                  I2C_SCL = 0;
                  _nop_();
                  I2C_SDA = 1;
              }
              #endif
  98          
  99          /**
 100           * @function: void I2C_Write_Byte(uchar WData)
 101           * @description: I2C写数据函数
 102           * @param {uchar WData待写入的数据} 
 103           * @return: void
 104           */
 105          void I2C_Write_Byte(uchar WData)
 106          {
 107   1          uchar i;
 108   1          for (i = 0; i < 8; i++)
 109   1          {
 110   2              I2C_SCL = 0;
 111   2              _nop_();
 112   2              _nop_();
 113   2              if (WData & 0x80) //先发送高字节数据，后发送低字节数据
 114   2                  I2C_SDA = 1;
 115   2              else
 116   2                  I2C_SDA = 0;
C51 COMPILER V9.00   I2C                                                                   01/08/2025 16:52:06 PAGE 3   

 117   2              _nop_();
 118   2              _nop_();
 119   2              I2C_SCL = 1; //数据写入总线
 120   2              _nop_();
 121   2              _nop_();
 122   2              I2C_SCL = 0;
 123   2              WData <<= 1; //准备写入下一位数据
 124   2          }
 125   1      }
 126          
 127          /**
 128           * @function: uchar I2C_Read_Byte()
 129           * @description: I2C读取数据函数
 130           * @param {void} 
 131           * @return: return RData读取的数据
 132           */
 133          #if 0
              uchar I2C_Read_Byte()
              {
                  uchar i, RData = 0;
                  I2C_SDA = 1; //释放数据总线
                  _nop_();
                  _nop_();
                  for (i = 0; i < 8; i++)
                  {
                      RData <<= 1; //准备读取下一位数据
                      I2C_SCL = 0;
                      _nop_();
                      I2C_SCL = 1; //可以开始读取数据
                      _nop_();
                      _nop_();
                      if (I2C_SDA)
                          RData |= 0x01; //1写入RData此刻的最低位
                      else
                          RData &= 0xfe; //0写入RData此刻的最低位
                  }
                  I2C_SCL = 0;
                  _nop_();
                  _nop_();
                  return RData;
              }
              #endif


MODULE INFORMATION:   STATIC OVERLAYABLE
   CODE SIZE        =    115    ----
   CONSTANT SIZE    =   ----    ----
   XDATA SIZE       =   ----    ----
   PDATA SIZE       =   ----    ----
   DATA SIZE        =   ----    ----
   IDATA SIZE       =   ----    ----
   BIT SIZE         =   ----    ----
END OF MODULE INFORMATION.


C51 COMPILATION COMPLETE.  0 WARNING(S),  0 ERROR(S)
